<?xml version="1.0" encoding="UTF-8"?>
<!-- Generated by org.testng.reporters.JUnitReportReporter -->
<testsuite hostname="DESKTOP-C6C3577" failures="0" tests="1" name="knowledege.GetDataFromExcelUtils" time="1.292" errors="0" timestamp="2 Oct 2023 09:22:55 GMT">
  <testcase classname="knowledege.GetDataFromExcelUtils" name="getData" time="1.292"/>
</testsuite> <!-- knowledege.GetDataFromExcelUtils -->
