<?xml version="1.0" encoding="UTF-8"?>
<!-- Generated by org.testng.reporters.JUnitReportReporter -->
<testsuite hostname="DESKTOP-C6C3577" failures="0" tests="1" name="airline.api.test.PoijiTest" time="1.088" errors="0" timestamp="2 Oct 2023 15:06:40 GMT">
  <testcase classname="airline.api.test.PoijiTest" name="poijiTest" time="1.088"/>
</testsuite> <!-- airline.api.test.PoijiTest -->
